
*** Running vivado
    with args -log DP_Colorbar_BD_wrapper.vdi -applog -m64 -product Vivado -messageDb vivado.pb -mode batch -source DP_Colorbar_BD_wrapper.tcl -notrace



****** Vivado v2023.2 (64-bit)
  **** SW Build 4029153 on Fri Oct 13 20:14:34 MDT 2023
  **** IP Build 4028589 on Sat Oct 14 00:45:43 MDT 2023
  **** SharedData Build 4025554 on Tue Oct 10 17:18:54 MDT 2023
    ** Copyright 1986-2022 Xilinx, Inc. All Rights Reserved.
    ** Copyright 2022-2023 Advanced Micro Devices, Inc. All Rights Reserved.

source DP_Colorbar_BD_wrapper.tcl -notrace
create_project: Time (s): cpu = 00:00:05 ; elapsed = 00:00:05 . Memory (MB): peak = 567.586 ; gain = 183.566
INFO: [IP_Flow 19-234] Refreshing IP repositories
INFO: [IP_Flow 19-1704] No user IP repositories specified
INFO: [IP_Flow 19-2313] Loaded Vivado IP repository 'D:/vivado/Vivado/2023.2/data/ip'.
Command: link_design -top DP_Colorbar_BD_wrapper -part xczu3eg-sbva484-1-e
Design is defaulting to srcset: sources_1
Design is defaulting to constrset: constrs_1
INFO: [Device 21-403] Loading part xczu3eg-sbva484-1-e
INFO: [Project 1-454] Reading design checkpoint 'd:/Zynq_Pro/DP_Colorbar20240402/DP_Colorbar/DP_Colorbar.gen/sources_1/bd/DP_Colorbar_BD/ip/DP_Colorbar_BD_zynq_ultra_ps_e_0_0/DP_Colorbar_BD_zynq_ultra_ps_e_0_0.dcp' for cell 'DP_Colorbar_BD_i/zynq_ultra_ps_e_0'
Netlist sorting complete. Time (s): cpu = 00:00:00 ; elapsed = 00:00:00.033 . Memory (MB): peak = 1532.727 ; gain = 0.000
INFO: [Project 1-479] Netlist was created with Vivado 2023.2
INFO: [Project 1-570] Preparing netlist for logic optimization
Parsing XDC File [d:/Zynq_Pro/DP_Colorbar20240402/DP_Colorbar/DP_Colorbar.gen/sources_1/bd/DP_Colorbar_BD/ip/DP_Colorbar_BD_zynq_ultra_ps_e_0_0/DP_Colorbar_BD_zynq_ultra_ps_e_0_0.xdc] for cell 'DP_Colorbar_BD_i/zynq_ultra_ps_e_0/U0'
Finished Parsing XDC File [d:/Zynq_Pro/DP_Colorbar20240402/DP_Colorbar/DP_Colorbar.gen/sources_1/bd/DP_Colorbar_BD/ip/DP_Colorbar_BD_zynq_ultra_ps_e_0_0/DP_Colorbar_BD_zynq_ultra_ps_e_0_0.xdc] for cell 'DP_Colorbar_BD_i/zynq_ultra_ps_e_0/U0'
INFO: [Opt 31-138] Pushed 0 inverter(s) to 0 load pin(s).
Netlist sorting complete. Time (s): cpu = 00:00:00 ; elapsed = 00:00:00 . Memory (MB): peak = 1611.000 ; gain = 0.000
INFO: [Project 1-111] Unisim Transformation Summary:
No Unisim elements were transformed.

The system cannot find the path specified.
9 Infos, 0 Warnings, 0 Critical Warnings and 0 Errors encountered.
link_design completed successfully
link_design: Time (s): cpu = 00:00:06 ; elapsed = 00:00:12 . Memory (MB): peak = 1611.000 ; gain = 983.133
Command: opt_design
Attempting to get a license for feature 'Implementation' and/or device 'xczu3eg'
INFO: [Common 17-349] Got license for feature 'Implementation' and/or device 'xczu3eg'
Running DRC as a precondition to command opt_design

Starting DRC Task
INFO: [DRC 23-27] Running DRC with 2 threads
INFO: [Project 1-461] DRC finished with 0 Errors
INFO: [Project 1-462] Please refer to the DRC report (report_drc) for more information.

Time (s): cpu = 00:00:02 ; elapsed = 00:00:01 . Memory (MB): peak = 1641.043 ; gain = 30.043

Starting Cache Timing Information Task
INFO: [Timing 38-35] Done setting XDC timing constraints.
Ending Cache Timing Information Task | Checksum: abdd031b

Time (s): cpu = 00:00:02 ; elapsed = 00:00:02 . Memory (MB): peak = 1830.875 ; gain = 189.832

Starting Logic Optimization Task

Phase 1 Initialization

Phase 1.1 Core Generation And Design Setup
Phase 1.1 Core Generation And Design Setup | Checksum: abdd031b

Time (s): cpu = 00:00:00 ; elapsed = 00:00:00.004 . Memory (MB): peak = 2201.867 ; gain = 0.000

Phase 1.2 Setup Constraints And Sort Netlist
Phase 1.2 Setup Constraints And Sort Netlist | Checksum: abdd031b

Time (s): cpu = 00:00:00 ; elapsed = 00:00:00.006 . Memory (MB): peak = 2201.867 ; gain = 0.000
Phase 1 Initialization | Checksum: abdd031b

Time (s): cpu = 00:00:00 ; elapsed = 00:00:00.006 . Memory (MB): peak = 2201.867 ; gain = 0.000

Phase 2 Timer Update And Timing Data Collection

Phase 2.1 Timer Update
Phase 2.1 Timer Update | Checksum: abdd031b

Time (s): cpu = 00:00:00 ; elapsed = 00:00:00.016 . Memory (MB): peak = 2201.867 ; gain = 0.000

Phase 2.2 Timing Data Collection
Phase 2.2 Timing Data Collection | Checksum: abdd031b

Time (s): cpu = 00:00:00 ; elapsed = 00:00:00.024 . Memory (MB): peak = 2201.867 ; gain = 0.000
Phase 2 Timer Update And Timing Data Collection | Checksum: abdd031b

Time (s): cpu = 00:00:00 ; elapsed = 00:00:00.024 . Memory (MB): peak = 2201.867 ; gain = 0.000

Phase 3 Retarget
INFO: [Opt 31-138] Pushed 0 inverter(s) to 0 load pin(s).
INFO: [Opt 31-49] Retargeted 0 cell(s).
Phase 3 Retarget | Checksum: 996abba3

Time (s): cpu = 00:00:00 ; elapsed = 00:00:00.075 . Memory (MB): peak = 2201.867 ; gain = 0.000
Retarget | Checksum: 996abba3
INFO: [Opt 31-389] Phase Retarget created 0 cells and removed 264 cells

Phase 4 Constant propagation
INFO: [Opt 31-138] Pushed 0 inverter(s) to 0 load pin(s).
Phase 4 Constant propagation | Checksum: 996abba3

Time (s): cpu = 00:00:00 ; elapsed = 00:00:00.077 . Memory (MB): peak = 2201.867 ; gain = 0.000
Constant propagation | Checksum: 996abba3
INFO: [Opt 31-389] Phase Constant propagation created 0 cells and removed 0 cells

Phase 5 Sweep
Phase 5 Sweep | Checksum: dd9cf1d8

Time (s): cpu = 00:00:00 ; elapsed = 00:00:00.146 . Memory (MB): peak = 2201.867 ; gain = 0.000
Sweep | Checksum: dd9cf1d8
INFO: [Opt 31-389] Phase Sweep created 0 cells and removed 0 cells
INFO: [Opt 31-1021] In phase Sweep, 1 netlist objects are constrained preventing optimization. Please run opt_design with -debug_log to get more detail. 

Phase 6 BUFG optimization
INFO: [Opt 31-1077] Phase BUFG optimization inserted 0 global clock buffer(s) for CLOCK_LOW_FANOUT.
Phase 6 BUFG optimization | Checksum: dd9cf1d8

Time (s): cpu = 00:00:00 ; elapsed = 00:00:00.183 . Memory (MB): peak = 2201.867 ; gain = 0.000
BUFG optimization | Checksum: dd9cf1d8
INFO: [Opt 31-662] Phase BUFG optimization created 0 cells of which 0 are BUFGs and removed 0 cells.

Phase 7 Shift Register Optimization
INFO: [Opt 31-1064] SRL Remap converted 0 SRLs to 0 registers and converted 0 registers of register chains to 0 SRLs
Phase 7 Shift Register Optimization | Checksum: dd9cf1d8

Time (s): cpu = 00:00:00 ; elapsed = 00:00:00.186 . Memory (MB): peak = 2201.867 ; gain = 0.000
Shift Register Optimization | Checksum: dd9cf1d8
INFO: [Opt 31-389] Phase Shift Register Optimization created 0 cells and removed 0 cells

Phase 8 Post Processing Netlist
Phase 8 Post Processing Netlist | Checksum: dd9cf1d8

Time (s): cpu = 00:00:00 ; elapsed = 00:00:00.188 . Memory (MB): peak = 2201.867 ; gain = 0.000
Post Processing Netlist | Checksum: dd9cf1d8
INFO: [Opt 31-389] Phase Post Processing Netlist created 0 cells and removed 0 cells
INFO: [Opt 31-1021] In phase Post Processing Netlist, 1 netlist objects are constrained preventing optimization. Please run opt_design with -debug_log to get more detail. 

Phase 9 Finalization

Phase 9.1 Finalizing Design Cores and Updating Shapes
Phase 9.1 Finalizing Design Cores and Updating Shapes | Checksum: fc25627d

Time (s): cpu = 00:00:00 ; elapsed = 00:00:00.204 . Memory (MB): peak = 2201.867 ; gain = 0.000

Phase 9.2 Verifying Netlist Connectivity

Starting Connectivity Check Task

Time (s): cpu = 00:00:00 ; elapsed = 00:00:00 . Memory (MB): peak = 2201.867 ; gain = 0.000
Phase 9.2 Verifying Netlist Connectivity | Checksum: fc25627d

Time (s): cpu = 00:00:00 ; elapsed = 00:00:00.206 . Memory (MB): peak = 2201.867 ; gain = 0.000
Phase 9 Finalization | Checksum: fc25627d

Time (s): cpu = 00:00:00 ; elapsed = 00:00:00.206 . Memory (MB): peak = 2201.867 ; gain = 0.000
Opt_design Change Summary
=========================


-------------------------------------------------------------------------------------------------------------------------
|  Phase                        |  #Cells created  |  #Cells Removed  |  #Constrained objects preventing optimizations  |
-------------------------------------------------------------------------------------------------------------------------
|  Retarget                     |               0  |             264  |                                              0  |
|  Constant propagation         |               0  |               0  |                                              0  |
|  Sweep                        |               0  |               0  |                                              1  |
|  BUFG optimization            |               0  |               0  |                                              0  |
|  Shift Register Optimization  |               0  |               0  |                                              0  |
|  Post Processing Netlist      |               0  |               0  |                                              1  |
-------------------------------------------------------------------------------------------------------------------------


Ending Logic Optimization Task | Checksum: fc25627d

Time (s): cpu = 00:00:00 ; elapsed = 00:00:00.209 . Memory (MB): peak = 2201.867 ; gain = 0.000
INFO: [Constraints 18-11670] Building netlist checker database with flags, 0x8
Done building netlist checker database: Time (s): cpu = 00:00:00 ; elapsed = 00:00:00 . Memory (MB): peak = 2201.867 ; gain = 0.000

Starting Power Optimization Task
INFO: [Pwropt 34-132] Skipping clock gating for clocks with a period < 2.00 ns.
Ending Power Optimization Task | Checksum: fc25627d

Time (s): cpu = 00:00:00 ; elapsed = 00:00:00.011 . Memory (MB): peak = 2201.867 ; gain = 0.000

Starting Final Cleanup Task
Ending Final Cleanup Task | Checksum: fc25627d

Time (s): cpu = 00:00:00 ; elapsed = 00:00:00 . Memory (MB): peak = 2201.867 ; gain = 0.000

Starting Netlist Obfuscation Task
Netlist sorting complete. Time (s): cpu = 00:00:00 ; elapsed = 00:00:00 . Memory (MB): peak = 2201.867 ; gain = 0.000
Ending Netlist Obfuscation Task | Checksum: fc25627d

Time (s): cpu = 00:00:00 ; elapsed = 00:00:00 . Memory (MB): peak = 2201.867 ; gain = 0.000
INFO: [Common 17-83] Releasing license: Implementation
30 Infos, 0 Warnings, 0 Critical Warnings and 0 Errors encountered.
opt_design completed successfully
opt_design: Time (s): cpu = 00:00:07 ; elapsed = 00:00:06 . Memory (MB): peak = 2201.867 ; gain = 590.867
INFO: [runtcl-4] Executing : report_drc -file DP_Colorbar_BD_wrapper_drc_opted.rpt -pb DP_Colorbar_BD_wrapper_drc_opted.pb -rpx DP_Colorbar_BD_wrapper_drc_opted.rpx
Command: report_drc -file DP_Colorbar_BD_wrapper_drc_opted.rpt -pb DP_Colorbar_BD_wrapper_drc_opted.pb -rpx DP_Colorbar_BD_wrapper_drc_opted.rpx
INFO: [IP_Flow 19-1839] IP Catalog is up to date.
INFO: [DRC 23-27] Running DRC with 2 threads
INFO: [Vivado_Tcl 2-168] The results of DRC are in file D:/Zynq_Pro/DP_Colorbar20240402/DP_Colorbar/DP_Colorbar.runs/impl_1/DP_Colorbar_BD_wrapper_drc_opted.rpt.
report_drc completed successfully
INFO: [Timing 38-480] Writing timing data to binary archive.
INFO: [Common 17-1381] The checkpoint 'D:/Zynq_Pro/DP_Colorbar20240402/DP_Colorbar/DP_Colorbar.runs/impl_1/DP_Colorbar_BD_wrapper_opt.dcp' has been generated.
Command: place_design
Attempting to get a license for feature 'Implementation' and/or device 'xczu3eg'
INFO: [Common 17-349] Got license for feature 'Implementation' and/or device 'xczu3eg'
INFO: [Common 17-83] Releasing license: Implementation
INFO: [DRC 23-27] Running DRC with 2 threads
INFO: [Vivado_Tcl 4-198] DRC finished with 0 Errors
INFO: [Vivado_Tcl 4-199] Please refer to the DRC report (report_drc) for more information.
Running DRC as a precondition to command place_design
INFO: [DRC 23-27] Running DRC with 2 threads
INFO: [Vivado_Tcl 4-198] DRC finished with 0 Errors
INFO: [Vivado_Tcl 4-199] Please refer to the DRC report (report_drc) for more information.
INFO: [Place 30-611] Multithreading enabled for place_design using a maximum of 2 CPUs

Starting Placer Task

Phase 1 Placer Initialization

Phase 1.1 Placer Initialization Netlist Sorting
Netlist sorting complete. Time (s): cpu = 00:00:00 ; elapsed = 00:00:00 . Memory (MB): peak = 2230.434 ; gain = 0.000
Phase 1.1 Placer Initialization Netlist Sorting | Checksum: 00000000

Time (s): cpu = 00:00:00 ; elapsed = 00:00:00.006 . Memory (MB): peak = 2230.434 ; gain = 0.000
Netlist sorting complete. Time (s): cpu = 00:00:00 ; elapsed = 00:00:00 . Memory (MB): peak = 2230.434 ; gain = 0.000

Phase 1.2 IO Placement/ Clock Placement/ Build Placer Device
INFO: [Timing 38-35] Done setting XDC timing constraints.
Phase 1.2 IO Placement/ Clock Placement/ Build Placer Device | Checksum: 9a35c62d

Time (s): cpu = 00:00:00 ; elapsed = 00:00:00.285 . Memory (MB): peak = 2230.434 ; gain = 0.000

Phase 1.3 Build Placer Netlist Model
Phase 1.3 Build Placer Netlist Model | Checksum: 12384cdfa

Time (s): cpu = 00:00:08 ; elapsed = 00:00:09 . Memory (MB): peak = 2616.836 ; gain = 386.402

Phase 1.4 Constrain Clocks/Macros
Phase 1.4 Constrain Clocks/Macros | Checksum: 12384cdfa

Time (s): cpu = 00:00:08 ; elapsed = 00:00:09 . Memory (MB): peak = 2616.836 ; gain = 386.402
Phase 1 Placer Initialization | Checksum: 12384cdfa

Time (s): cpu = 00:00:08 ; elapsed = 00:00:09 . Memory (MB): peak = 2616.836 ; gain = 386.402

Phase 2 Final Placement Cleanup
Netlist sorting complete. Time (s): cpu = 00:00:00 ; elapsed = 00:00:00 . Memory (MB): peak = 2616.836 ; gain = 0.000

Time (s): cpu = 00:00:08 ; elapsed = 00:00:09 . Memory (MB): peak = 2616.836 ; gain = 386.402
INFO: [Place 30-281] No place-able instance is found; design doesn't contain any instance or all instances are placed
Ending Placer Task | Checksum: 9a35c62d

Time (s): cpu = 00:00:08 ; elapsed = 00:00:09 . Memory (MB): peak = 2616.836 ; gain = 386.402
47 Infos, 0 Warnings, 0 Critical Warnings and 0 Errors encountered.
place_design completed successfully
place_design: Time (s): cpu = 00:00:09 ; elapsed = 00:00:10 . Memory (MB): peak = 2616.836 ; gain = 394.203
INFO: [runtcl-4] Executing : report_io -file DP_Colorbar_BD_wrapper_io_placed.rpt
report_io: Time (s): cpu = 00:00:00 ; elapsed = 00:00:00.058 . Memory (MB): peak = 2616.836 ; gain = 0.000
INFO: [runtcl-4] Executing : report_utilization -file DP_Colorbar_BD_wrapper_utilization_placed.rpt -pb DP_Colorbar_BD_wrapper_utilization_placed.pb
INFO: [runtcl-4] Executing : report_control_sets -verbose -file DP_Colorbar_BD_wrapper_control_sets_placed.rpt
report_control_sets: Time (s): cpu = 00:00:00 ; elapsed = 00:00:00.001 . Memory (MB): peak = 2616.836 ; gain = 0.000
INFO: [Timing 38-480] Writing timing data to binary archive.
Wrote PlaceDB: Time (s): cpu = 00:00:00 ; elapsed = 00:00:00.037 . Memory (MB): peak = 2628.176 ; gain = 0.000
Wrote PulsedLatchDB: Time (s): cpu = 00:00:00 ; elapsed = 00:00:00 . Memory (MB): peak = 2628.176 ; gain = 0.000
Writing XDEF routing.
Writing XDEF routing logical nets.
Writing XDEF routing special nets.
Wrote RouteStorage: Time (s): cpu = 00:00:01 ; elapsed = 00:00:00.080 . Memory (MB): peak = 2628.176 ; gain = 0.000
Wrote Netlist Cache: Time (s): cpu = 00:00:00 ; elapsed = 00:00:00 . Memory (MB): peak = 2628.176 ; gain = 0.000
Wrote Device Cache: Time (s): cpu = 00:00:00 ; elapsed = 00:00:00.088 . Memory (MB): peak = 2628.176 ; gain = 0.000
Write Physdb Complete: Time (s): cpu = 00:00:01 ; elapsed = 00:00:00.230 . Memory (MB): peak = 2628.176 ; gain = 0.023
INFO: [Common 17-1381] The checkpoint 'D:/Zynq_Pro/DP_Colorbar20240402/DP_Colorbar/DP_Colorbar.runs/impl_1/DP_Colorbar_BD_wrapper_placed.dcp' has been generated.
Command: phys_opt_design
Attempting to get a license for feature 'Implementation' and/or device 'xczu3eg'
INFO: [Common 17-349] Got license for feature 'Implementation' and/or device 'xczu3eg'
INFO: [Vivado_Tcl 4-241] Physical synthesis in post route mode 
WARNING: [Vivado_Tcl 4-1385] Design is not legally routed. Skipping post-route optimization
INFO: [Vivado_Tcl 4-1850] phys_opt_design is skipped because design is not fully routed, please run report_route_status to get more information.
INFO: [Common 17-83] Releasing license: Implementation
56 Infos, 1 Warnings, 0 Critical Warnings and 0 Errors encountered.
phys_opt_design completed successfully
INFO: [Timing 38-480] Writing timing data to binary archive.
Wrote PlaceDB: Time (s): cpu = 00:00:00 ; elapsed = 00:00:00.034 . Memory (MB): peak = 2628.543 ; gain = 0.000
Wrote PulsedLatchDB: Time (s): cpu = 00:00:00 ; elapsed = 00:00:00 . Memory (MB): peak = 2628.543 ; gain = 0.000
Writing XDEF routing.
Writing XDEF routing logical nets.
Writing XDEF routing special nets.
Wrote RouteStorage: Time (s): cpu = 00:00:00 ; elapsed = 00:00:00.063 . Memory (MB): peak = 2628.543 ; gain = 0.000
Wrote Netlist Cache: Time (s): cpu = 00:00:00 ; elapsed = 00:00:00 . Memory (MB): peak = 2628.543 ; gain = 0.000
Wrote Device Cache: Time (s): cpu = 00:00:00 ; elapsed = 00:00:00.080 . Memory (MB): peak = 2628.543 ; gain = 0.000
Write Physdb Complete: Time (s): cpu = 00:00:00 ; elapsed = 00:00:00.198 . Memory (MB): peak = 2628.543 ; gain = 0.000
INFO: [Common 17-1381] The checkpoint 'D:/Zynq_Pro/DP_Colorbar20240402/DP_Colorbar/DP_Colorbar.runs/impl_1/DP_Colorbar_BD_wrapper_physopt.dcp' has been generated.
Command: route_design
Attempting to get a license for feature 'Implementation' and/or device 'xczu3eg'
INFO: [Common 17-349] Got license for feature 'Implementation' and/or device 'xczu3eg'
Running DRC as a precondition to command route_design
INFO: [DRC 23-27] Running DRC with 2 threads
INFO: [Vivado_Tcl 4-198] DRC finished with 0 Errors
INFO: [Vivado_Tcl 4-199] Please refer to the DRC report (report_drc) for more information.


Starting Routing Task
INFO: [Route 35-254] Multithreading enabled for route_design using a maximum of 8 CPUs

Phase 1 Build RT Design
Checksum: PlaceDB: 9a35c62d ConstDB: 0 ShapeSum: 0 RouteDB: 0
Nodegraph reading from file.  Time (s): cpu = 00:00:01 ; elapsed = 00:00:00.590 . Memory (MB): peak = 2702.812 ; gain = 7.574
Post Restoration Checksum: NetGraph: d48f658 | NumContArr: e9ec1fe6 | Constraints: c2a8fa9d | Timing: c2a8fa9d
Phase 1 Build RT Design | Checksum: 27c870b78

Time (s): cpu = 00:00:02 ; elapsed = 00:00:02 . Memory (MB): peak = 2712.855 ; gain = 17.617

Phase 2 Router Initialization
INFO: [Route 35-64] No timing constraints were detected. The router will operate in resource-optimization mode.

Phase 2.1 Fix Topology Constraints
Phase 2.1 Fix Topology Constraints | Checksum: 27c870b78

Time (s): cpu = 00:00:02 ; elapsed = 00:00:02 . Memory (MB): peak = 2751.551 ; gain = 56.312

Phase 2.2 Pre Route Cleanup
Phase 2.2 Pre Route Cleanup | Checksum: 27c870b78

Time (s): cpu = 00:00:02 ; elapsed = 00:00:02 . Memory (MB): peak = 2751.551 ; gain = 56.312

Phase 2.3 Global Clock Net Routing
Phase 2.3 Global Clock Net Routing | Checksum: 27c870b78

Time (s): cpu = 00:00:03 ; elapsed = 00:00:03 . Memory (MB): peak = 2966.562 ; gain = 271.324

Router Utilization Summary
  Global Vertical Routing Utilization    = 0 %
  Global Horizontal Routing Utilization  = 0 %
  Routable Net Status*
  *Does not include unroutable nets such as driverless and loadless.
  Run report_route_status for detailed report.
  Number of Failed Nets               = 2
    (Failed Nets is the sum of unrouted and partially routed nets)
  Number of Unrouted Nets             = 2
  Number of Partially Routed Nets     = 0
  Number of Node Overlaps             = 0

Phase 2 Router Initialization | Checksum: 27c870b78

Time (s): cpu = 00:00:04 ; elapsed = 00:00:03 . Memory (MB): peak = 2982.898 ; gain = 287.660

Phase 3 Initial Routing

Phase 3.1 Global Routing
Phase 3.1 Global Routing | Checksum: 27c870b78

Time (s): cpu = 00:00:04 ; elapsed = 00:00:03 . Memory (MB): peak = 2982.898 ; gain = 287.660

Phase 3.2 Initial Net Routing
 Number of Nodes with overlaps = 0
Phase 3.2 Initial Net Routing | Checksum: 242294a0b

Time (s): cpu = 00:00:04 ; elapsed = 00:00:03 . Memory (MB): peak = 2982.898 ; gain = 287.660
Phase 3 Initial Routing | Checksum: 242294a0b

Time (s): cpu = 00:00:04 ; elapsed = 00:00:03 . Memory (MB): peak = 2982.898 ; gain = 287.660

Phase 4 Rip-up And Reroute

Phase 4.1 Global Iteration 0
Phase 4.1 Global Iteration 0 | Checksum: 242294a0b

Time (s): cpu = 00:00:04 ; elapsed = 00:00:03 . Memory (MB): peak = 2982.898 ; gain = 287.660
Phase 4 Rip-up And Reroute | Checksum: 242294a0b

Time (s): cpu = 00:00:04 ; elapsed = 00:00:03 . Memory (MB): peak = 2982.898 ; gain = 287.660

Phase 5 Delay and Skew Optimization
Phase 5 Delay and Skew Optimization | Checksum: 242294a0b

Time (s): cpu = 00:00:04 ; elapsed = 00:00:03 . Memory (MB): peak = 2982.898 ; gain = 287.660

Phase 6 Post Hold Fix

Phase 6.1 Hold Fix Iter
Phase 6.1 Hold Fix Iter | Checksum: 242294a0b

Time (s): cpu = 00:00:04 ; elapsed = 00:00:03 . Memory (MB): peak = 2982.898 ; gain = 287.660
Phase 6 Post Hold Fix | Checksum: 242294a0b

Time (s): cpu = 00:00:04 ; elapsed = 00:00:03 . Memory (MB): peak = 2982.898 ; gain = 287.660

Phase 7 Route finalize

Router Utilization Summary
  Global Vertical Routing Utilization    = 0.00266205 %
  Global Horizontal Routing Utilization  = 0 %
  Routable Net Status*
  *Does not include unroutable nets such as driverless and loadless.
  Run report_route_status for detailed report.
  Number of Failed Nets               = 0
    (Failed Nets is the sum of unrouted and partially routed nets)
  Number of Unrouted Nets             = 0
  Number of Partially Routed Nets     = 0
  Number of Node Overlaps             = 0


--GLOBAL Congestion:
Utilization threshold used for congestion level computation: 0.85
Congestion Report
North Dir 1x1 Area, Max Cong = 0.471698%, No Congested Regions.
South Dir 1x1 Area, Max Cong = 0.473934%, No Congested Regions.
East Dir 1x1 Area, Max Cong = 0%, No Congested Regions.
West Dir 1x1 Area, Max Cong = 0%, No Congested Regions.

------------------------------
Reporting congestion hotspots
------------------------------
Direction: North
----------------
Congested clusters found at Level 0
Effective congestion level: 0 Aspect Ratio: 1 Sparse Ratio: 0
Direction: South
----------------
Congested clusters found at Level 0
Effective congestion level: 0 Aspect Ratio: 1 Sparse Ratio: 0
Direction: East
----------------
Congested clusters found at Level 0
Effective congestion level: 0 Aspect Ratio: 1 Sparse Ratio: 0
Direction: West
----------------
Congested clusters found at Level 0
Effective congestion level: 0 Aspect Ratio: 1 Sparse Ratio: 0

Phase 7 Route finalize | Checksum: 242294a0b

Time (s): cpu = 00:00:04 ; elapsed = 00:00:03 . Memory (MB): peak = 2982.898 ; gain = 287.660

Phase 8 Verifying routed nets

 Verification completed successfully
Phase 8 Verifying routed nets | Checksum: 242294a0b

Time (s): cpu = 00:00:04 ; elapsed = 00:00:03 . Memory (MB): peak = 2982.898 ; gain = 287.660

Phase 9 Depositing Routes
Phase 9 Depositing Routes | Checksum: 242294a0b

Time (s): cpu = 00:00:04 ; elapsed = 00:00:03 . Memory (MB): peak = 2982.898 ; gain = 287.660

Phase 10 Resolve XTalk
Phase 10 Resolve XTalk | Checksum: 242294a0b

Time (s): cpu = 00:00:04 ; elapsed = 00:00:03 . Memory (MB): peak = 2982.898 ; gain = 287.660
Time taken to check if laguna hold fix is required (in secs): 0
Skip PhysOpt in Router because non-negative WNS value: 1e+30 .
INFO: [Route 35-16] Router Completed Successfully

Phase 11 Post-Route Event Processing
Phase 11 Post-Route Event Processing | Checksum: f5d67987

Time (s): cpu = 00:00:05 ; elapsed = 00:00:04 . Memory (MB): peak = 2982.898 ; gain = 287.660
Ending Routing Task | Checksum: f5d67987

Time (s): cpu = 00:00:05 ; elapsed = 00:00:04 . Memory (MB): peak = 2982.898 ; gain = 287.660

Routing Is Done.
INFO: [Common 17-83] Releasing license: Implementation
66 Infos, 1 Warnings, 0 Critical Warnings and 0 Errors encountered.
route_design completed successfully
INFO: [runtcl-4] Executing : report_drc -file DP_Colorbar_BD_wrapper_drc_routed.rpt -pb DP_Colorbar_BD_wrapper_drc_routed.pb -rpx DP_Colorbar_BD_wrapper_drc_routed.rpx
Command: report_drc -file DP_Colorbar_BD_wrapper_drc_routed.rpt -pb DP_Colorbar_BD_wrapper_drc_routed.pb -rpx DP_Colorbar_BD_wrapper_drc_routed.rpx
INFO: [IP_Flow 19-1839] IP Catalog is up to date.
INFO: [DRC 23-27] Running DRC with 2 threads
INFO: [Vivado_Tcl 2-168] The results of DRC are in file D:/Zynq_Pro/DP_Colorbar20240402/DP_Colorbar/DP_Colorbar.runs/impl_1/DP_Colorbar_BD_wrapper_drc_routed.rpt.
report_drc completed successfully
INFO: [runtcl-4] Executing : report_methodology -file DP_Colorbar_BD_wrapper_methodology_drc_routed.rpt -pb DP_Colorbar_BD_wrapper_methodology_drc_routed.pb -rpx DP_Colorbar_BD_wrapper_methodology_drc_routed.rpx
Command: report_methodology -file DP_Colorbar_BD_wrapper_methodology_drc_routed.rpt -pb DP_Colorbar_BD_wrapper_methodology_drc_routed.pb -rpx DP_Colorbar_BD_wrapper_methodology_drc_routed.rpx
INFO: [Timing 38-35] Done setting XDC timing constraints.
INFO: [DRC 23-133] Running Methodology with 2 threads
INFO: [Vivado_Tcl 2-1520] The results of Report Methodology are in file D:/Zynq_Pro/DP_Colorbar20240402/DP_Colorbar/DP_Colorbar.runs/impl_1/DP_Colorbar_BD_wrapper_methodology_drc_routed.rpt.
report_methodology completed successfully
INFO: [runtcl-4] Executing : report_power -file DP_Colorbar_BD_wrapper_power_routed.rpt -pb DP_Colorbar_BD_wrapper_power_summary_routed.pb -rpx DP_Colorbar_BD_wrapper_power_routed.rpx
Command: report_power -file DP_Colorbar_BD_wrapper_power_routed.rpt -pb DP_Colorbar_BD_wrapper_power_summary_routed.pb -rpx DP_Colorbar_BD_wrapper_power_routed.rpx
INFO: [Timing 38-35] Done setting XDC timing constraints.
WARNING: [Power 33-232] No user defined clocks were found in the design! Power estimation will be inaccurate until this is corrected.
Resolution: Please specify clocks using create_clock/create_generated_clock for sequential elements. For pure combinatorial circuits, please specify a virtual clock, otherwise the vectorless estimation might be inaccurate
Running Vector-less Activity Propagation...

Finished Running Vector-less Activity Propagation
76 Infos, 2 Warnings, 0 Critical Warnings and 0 Errors encountered.
report_power completed successfully
report_power: Time (s): cpu = 00:00:05 ; elapsed = 00:00:05 . Memory (MB): peak = 2982.898 ; gain = 0.000
INFO: [runtcl-4] Executing : report_route_status -file DP_Colorbar_BD_wrapper_route_status.rpt -pb DP_Colorbar_BD_wrapper_route_status.pb
INFO: [runtcl-4] Executing : report_timing_summary -max_paths 10 -report_unconstrained -file DP_Colorbar_BD_wrapper_timing_summary_routed.rpt -pb DP_Colorbar_BD_wrapper_timing_summary_routed.pb -rpx DP_Colorbar_BD_wrapper_timing_summary_routed.rpx -warn_on_violation 
INFO: [Timing 38-91] UpdateTimingParams: Speed grade: -1, Temperature grade: E, Delay Type: min_max.
INFO: [Timing 38-191] Multithreading enabled for timing update using a maximum of 2 CPUs
WARNING: [Timing 38-313] There are no user specified timing constraints. Timing constraints are needed for proper timing analysis.
INFO: [runtcl-4] Executing : report_incremental_reuse -file DP_Colorbar_BD_wrapper_incremental_reuse_routed.rpt
INFO: [Vivado_Tcl 4-1062] Incremental flow is disabled. No incremental reuse Info to report.
INFO: [runtcl-4] Executing : report_clock_utilization -file DP_Colorbar_BD_wrapper_clock_utilization_routed.rpt
INFO: [runtcl-4] Executing : report_bus_skew -warn_on_violation -file DP_Colorbar_BD_wrapper_bus_skew_routed.rpt -pb DP_Colorbar_BD_wrapper_bus_skew_routed.pb -rpx DP_Colorbar_BD_wrapper_bus_skew_routed.rpx
INFO: [Timing 38-91] UpdateTimingParams: Speed grade: -1, Temperature grade: E, Delay Type: min_max.
INFO: [Timing 38-191] Multithreading enabled for timing update using a maximum of 2 CPUs
INFO: [Timing 38-480] Writing timing data to binary archive.
Wrote PlaceDB: Time (s): cpu = 00:00:00 ; elapsed = 00:00:00.043 . Memory (MB): peak = 2982.898 ; gain = 0.000
Wrote PulsedLatchDB: Time (s): cpu = 00:00:00 ; elapsed = 00:00:00 . Memory (MB): peak = 2982.898 ; gain = 0.000
Writing XDEF routing.
Writing XDEF routing logical nets.
Writing XDEF routing special nets.
Wrote RouteStorage: Time (s): cpu = 00:00:01 ; elapsed = 00:00:00.072 . Memory (MB): peak = 2982.898 ; gain = 0.000
Wrote Netlist Cache: Time (s): cpu = 00:00:00 ; elapsed = 00:00:00 . Memory (MB): peak = 2982.898 ; gain = 0.000
Wrote Device Cache: Time (s): cpu = 00:00:00 ; elapsed = 00:00:00.082 . Memory (MB): peak = 2982.898 ; gain = 0.000
Write Physdb Complete: Time (s): cpu = 00:00:01 ; elapsed = 00:00:00.223 . Memory (MB): peak = 2982.898 ; gain = 0.000
INFO: [Common 17-1381] The checkpoint 'D:/Zynq_Pro/DP_Colorbar20240402/DP_Colorbar/DP_Colorbar.runs/impl_1/DP_Colorbar_BD_wrapper_routed.dcp' has been generated.
INFO: [Common 17-206] Exiting Vivado at Tue Apr  2 14:02:29 2024...

*** Running vivado
    with args -log DP_Colorbar_BD_wrapper.vdi -applog -m64 -product Vivado -messageDb vivado.pb -mode batch -source DP_Colorbar_BD_wrapper.tcl -notrace



****** Vivado v2023.2 (64-bit)
  **** SW Build 4029153 on Fri Oct 13 20:14:34 MDT 2023
  **** IP Build 4028589 on Sat Oct 14 00:45:43 MDT 2023
  **** SharedData Build 4025554 on Tue Oct 10 17:18:54 MDT 2023
    ** Copyright 1986-2022 Xilinx, Inc. All Rights Reserved.
    ** Copyright 2022-2023 Advanced Micro Devices, Inc. All Rights Reserved.

source DP_Colorbar_BD_wrapper.tcl -notrace
Command: open_checkpoint DP_Colorbar_BD_wrapper_routed.dcp
INFO: [Device 21-403] Loading part xczu3eg-sbva484-1-e
Netlist sorting complete. Time (s): cpu = 00:00:00 ; elapsed = 00:00:00.028 . Memory (MB): peak = 1509.602 ; gain = 0.000
INFO: [Project 1-479] Netlist was created with Vivado 2023.2
INFO: [Project 1-570] Preparing netlist for logic optimization
INFO: [Timing 38-478] Restoring timing data from binary archive.
INFO: [Timing 38-479] Binary timing data restore complete.
INFO: [Project 1-856] Restoring constraints from binary archive.
INFO: [Project 1-853] Binary constraint restore complete.
INFO: [Designutils 20-5722] Start Reading Physical Databases.
Reading placement.
Read Netlist Cache: Time (s): cpu = 00:00:00 ; elapsed = 00:00:00 . Memory (MB): peak = 1787.797 ; gain = 0.000
Reading placer database...
Read Device Cache: Time (s): cpu = 00:00:00 ; elapsed = 00:00:00.041 . Memory (MB): peak = 1787.797 ; gain = 0.000
Read PlaceDB: Time (s): cpu = 00:00:01 ; elapsed = 00:00:01 . Memory (MB): peak = 1787.797 ; gain = 0.000
Read PulsedLatchDB: Time (s): cpu = 00:00:00 ; elapsed = 00:00:00 . Memory (MB): peak = 1787.797 ; gain = 0.000
Reading routing.
Read RouteStorage: Time (s): cpu = 00:00:00 ; elapsed = 00:00:00.026 . Memory (MB): peak = 1787.797 ; gain = 0.000
Read Physdb Files: Time (s): cpu = 00:00:01 ; elapsed = 00:00:01 . Memory (MB): peak = 1787.797 ; gain = 0.000
Restored from archive | CPU: 1.000000 secs | Memory: 0.000000 MB |
Finished XDEF File Restore: Time (s): cpu = 00:00:01 ; elapsed = 00:00:01 . Memory (MB): peak = 1787.797 ; gain = 17.770
Netlist sorting complete. Time (s): cpu = 00:00:00 ; elapsed = 00:00:00 . Memory (MB): peak = 2250.547 ; gain = 0.000
INFO: [Project 1-111] Unisim Transformation Summary:
No Unisim elements were transformed.

The system cannot find the path specified.
INFO: [Project 1-604] Checkpoint was created with Vivado v2023.2 (64-bit) build 4029153
open_checkpoint: Time (s): cpu = 00:00:20 ; elapsed = 00:00:25 . Memory (MB): peak = 2250.547 ; gain = 1867.078
Command: write_bitstream -force DP_Colorbar_BD_wrapper.bit
Attempting to get a license for feature 'Implementation' and/or device 'xczu3eg'
INFO: [Common 17-349] Got license for feature 'Implementation' and/or device 'xczu3eg'
Running DRC as a precondition to command write_bitstream
INFO: [IP_Flow 19-234] Refreshing IP repositories
INFO: [IP_Flow 19-1704] No user IP repositories specified
INFO: [IP_Flow 19-2313] Loaded Vivado IP repository 'D:/vivado/Vivado/2023.2/data/ip'.
INFO: [DRC 23-27] Running DRC with 2 threads
INFO: [Vivado 12-3199] DRC finished with 0 Errors
INFO: [Vivado 12-3200] Please refer to the DRC report (report_drc) for more information.
INFO: [Designutils 20-2272] Running write_bitstream with 2 threads.
Loading data files...
Loading site data...
Loading route data...
Processing options...
Creating bitmap...
Creating bitstream...
Writing bitstream ./DP_Colorbar_BD_wrapper.bit...
INFO: [Vivado 12-1842] Bitgen Completed Successfully.
INFO: [Project 1-1876] WebTalk data collection is mandatory when using a ULT device. To see the specific WebTalk data collected for your design, open the usage_statistics_webtalk.html or usage_statistics_webtalk.xml file in the implementation directory.
INFO: [Common 17-83] Releasing license: Implementation
21 Infos, 0 Warnings, 0 Critical Warnings and 0 Errors encountered.
write_bitstream completed successfully
write_bitstream: Time (s): cpu = 00:00:10 ; elapsed = 00:00:10 . Memory (MB): peak = 2485.207 ; gain = 234.660
INFO: [Common 17-206] Exiting Vivado at Tue Apr  2 14:03:30 2024...
