13:54:11 DEBUG : Logs will be stored at 'D:/Zynq_Pro/DP_Colorbar20240402/DP_Colorbar/workspace/IDE.log'.
13:54:16 INFO  : Launching XSCT server: xsct.bat -n  -interactive D:\Zynq_Pro\DP_Colorbar20240402\DP_Colorbar\workspace\temp_xsdb_launch_script.tcl
13:54:16 INFO  : Registering command handlers for Vitis TCF services
13:54:18 INFO  : Platform repository initialization has completed.
13:54:19 INFO  : XSCT server has started successfully.
13:54:19 INFO  : plnx-install-location is set to ''
13:54:20 INFO  : Successfully done setting XSCT server connection channel  
13:54:20 INFO  : Successfully done query RDI_DATADIR 
13:54:20 INFO  : Successfully done setting workspace for the tool. 
14:04:39 DEBUG : Logs will be stored at 'D:/Zynq_Pro/DP_Colorbar20240402/DP_Colorbar/workspace/IDE.log'.
14:04:42 INFO  : Launching XSCT server: xsct.bat -n  -interactive D:\Zynq_Pro\DP_Colorbar20240402\DP_Colorbar\workspace\temp_xsdb_launch_script.tcl
14:04:43 INFO  : Registering command handlers for Vitis TCF services
14:04:44 INFO  : Platform repository initialization has completed.
14:04:45 INFO  : XSCT server has started successfully.
14:04:45 INFO  : plnx-install-location is set to ''
14:04:46 INFO  : Successfully done setting XSCT server connection channel  
14:04:46 INFO  : Successfully done query RDI_DATADIR 
14:04:46 INFO  : Successfully done setting workspace for the tool. 
14:05:38 INFO  : Result from executing command 'getProjects': DP_Colorbar_BD_wrapper
14:05:38 INFO  : Result from executing command 'getPlatforms': xilinx_vck190_base_202320_1|D:/vivado/Vitis/2023.2/base_platforms/xilinx_vck190_base_202320_1/xilinx_vck190_base_202320_1.xpfm;xilinx_vck190_base_dfx_202320_1|D:/vivado/Vitis/2023.2/base_platforms/xilinx_vck190_base_dfx_202320_1/xilinx_vck190_base_dfx_202320_1.xpfm;xilinx_vek280_es1_base_202320_1|D:/vivado/Vitis/2023.2/base_platforms/xilinx_vek280_es1_base_202320_1/xilinx_vek280_es1_base_202320_1.xpfm;xilinx_vmk180_base_202320_1|D:/vivado/Vitis/2023.2/base_platforms/xilinx_vmk180_base_202320_1/xilinx_vmk180_base_202320_1.xpfm;xilinx_zcu102_base_202320_1|D:/vivado/Vitis/2023.2/base_platforms/xilinx_zcu102_base_202320_1/xilinx_zcu102_base_202320_1.xpfm;xilinx_zcu102_base_dfx_202320_1|D:/vivado/Vitis/2023.2/base_platforms/xilinx_zcu102_base_dfx_202320_1/xilinx_zcu102_base_dfx_202320_1.xpfm;xilinx_zcu104_base_202320_1|D:/vivado/Vitis/2023.2/base_platforms/xilinx_zcu104_base_202320_1/xilinx_zcu104_base_202320_1.xpfm
14:05:40 WARN  : An unexpected exception occurred in the module 'platform project logging'
14:05:42 INFO  : Platform 'DP_Colorbar_BD_wrapper' is added to custom repositories.
14:05:51 INFO  : Platform 'DP_Colorbar_BD_wrapper' is added to custom repositories.
14:07:44 INFO  : No changes in MSS file content so sources will not be generated.
14:09:17 INFO  : Example project xdpdma_video_example_1 has been created successfully.
14:12:40 INFO  : Result from executing command 'getProjects': DP_Colorbar_BD_wrapper
14:12:40 INFO  : Result from executing command 'getPlatforms': DP_Colorbar_BD_wrapper|D:/Zynq_Pro/DP_Colorbar20240402/DP_Colorbar/workspace/DP_Colorbar_BD_wrapper/export/DP_Colorbar_BD_wrapper/DP_Colorbar_BD_wrapper.xpfm;xilinx_vck190_base_202320_1|D:/vivado/Vitis/2023.2/base_platforms/xilinx_vck190_base_202320_1/xilinx_vck190_base_202320_1.xpfm;xilinx_vck190_base_dfx_202320_1|D:/vivado/Vitis/2023.2/base_platforms/xilinx_vck190_base_dfx_202320_1/xilinx_vck190_base_dfx_202320_1.xpfm;xilinx_vek280_es1_base_202320_1|D:/vivado/Vitis/2023.2/base_platforms/xilinx_vek280_es1_base_202320_1/xilinx_vek280_es1_base_202320_1.xpfm;xilinx_vmk180_base_202320_1|D:/vivado/Vitis/2023.2/base_platforms/xilinx_vmk180_base_202320_1/xilinx_vmk180_base_202320_1.xpfm;xilinx_zcu102_base_202320_1|D:/vivado/Vitis/2023.2/base_platforms/xilinx_zcu102_base_202320_1/xilinx_zcu102_base_202320_1.xpfm;xilinx_zcu102_base_dfx_202320_1|D:/vivado/Vitis/2023.2/base_platforms/xilinx_zcu102_base_dfx_202320_1/xilinx_zcu102_base_dfx_202320_1.xpfm;xilinx_zcu104_base_202320_1|D:/vivado/Vitis/2023.2/base_platforms/xilinx_zcu104_base_202320_1/xilinx_zcu104_base_202320_1.xpfm
14:17:03 INFO  : Checking for BSP changes to sync application flags for project 'xdpdma_video_example_1'...
16:03:28 INFO  : Checking for BSP changes to sync application flags for project 'xdpdma_video_example_1'...
